# JRE version: OpenJDK Runtime Environment Temurin-21.0.4+7 (21.0.4+7) (build 21.0.4+7-LTS)
# Java VM: OpenJDK 64-Bit Server VM Temurin-21.0.4+7 (21.0.4+7-LTS, mixed mode, tiered, compressed oops, compressed class ptrs, g1 gc, bsd-aarch64)
GC Precious Log:
 CardTable entry size: 512
 Card Set container configuration: InlinePtr #cards 4 size 8 Array Of Cards #cards 16 size 48 Howl #buckets 8 coarsen threshold 3686 Howl Bitmap #cards 512 size 80 coarsen threshold 460 Card regions per heap region 1 cards per card region 4096
 CPUs: 8 total, 8 available
 Memory: 16384M
 Large Page Support: Disabled
 NUMA Support: Disabled
 Compressed Oops: Enabled (Zero based)
 Heap Region Size: 2M
 Heap Min Capacity: 8M
 Heap Initial Capacity: 256M
 Heap Max Capacity: 4G
 Pre-touch: Disabled
 Parallel Workers: 8
 Concurrent Workers: 2
 Concurrent Refinement Workers: 8
 Periodic GC: Disabled
Heap:
 garbage-first heap   total 96256K, used 55236K [0x0000000700000000, 0x0000000800000000)
  region size 2048K, 9 young (18432K), 2 survivors (4096K)
 Metaspace       used 84904K, committed 85632K, reserved 1179648K
  class space    used 10349K, committed 10688K, reserved 1048576K
GC Heap History (20 events):
Event: 337.634 GC heap before
{Heap before GC invocations=22 (full 1):
 garbage-first heap   total 96256K, used 53389K [0x0000000700000000, 0x0000000800000000)
  region size 2048K, 16 young (32768K), 3 survivors (6144K)
 Metaspace       used 82545K, committed 83200K, reserved 1179648K
  class space    used 10232K, committed 10560K, reserved 1048576K
}
Event: 337.660 GC heap after
{Heap after GC invocations=23 (full 2):
 garbage-first heap   total 96256K, used 29174K [0x0000000700000000, 0x0000000800000000)
  region size 2048K, 0 young (0K), 0 survivors (0K)
 Metaspace       used 82545K, committed 83200K, reserved 1179648K
  class space    used 10232K, committed 10560K, reserved 1048576K
}
Event: 337.873 GC heap before
{Heap before GC invocations=23 (full 2):
 garbage-first heap   total 96256K, used 82422K [0x0000000700000000, 0x0000000800000000)
  region size 2048K, 26 young (53248K), 0 survivors (0K)
 Metaspace       used 82783K, committed 83456K, reserved 1179648K
  class space    used 10241K, committed 10560K, reserved 1048576K
}
Event: 337.877 GC heap after
{Heap after GC invocations=24 (full 2):
 garbage-first heap   total 96256K, used 33236K [0x0000000700000000, 0x0000000800000000)
  region size 2048K, 2 young (4096K), 2 survivors (4096K)
 Metaspace       used 82783K, committed 83456K, reserved 1179648K
  class space    used 10241K, committed 10560K, reserved 1048576K
}
Event: 431.271 GC heap before
{Heap before GC invocations=24 (full 2):
 garbage-first heap   total 96256K, used 59860K [0x0000000700000000, 0x0000000800000000)
  region size 2048K, 16 young (32768K), 2 survivors (4096K)
 Metaspace       used 83124K, committed 83776K, reserved 1179648K
  class space    used 10250K, committed 10560K, reserved 1048576K
}
Event: 431.305 GC heap after
{Heap after GC invocations=25 (full 3):
 garbage-first heap   total 96256K, used 31506K [0x0000000700000000, 0x0000000800000000)
  region size 2048K, 0 young (0K), 0 survivors (0K)
 Metaspace       used 83124K, committed 83776K, reserved 1179648K
  class space    used 10250K, committed 10560K, reserved 1048576K
}
Event: 431.493 GC heap before
{Heap before GC invocations=25 (full 3):
 garbage-first heap   total 96256K, used 80658K [0x0000000700000000, 0x0000000800000000)
  region size 2048K, 25 young (51200K), 0 survivors (0K)
 Metaspace       used 83253K, committed 83904K, reserved 1179648K
  class space    used 10255K, committed 10560K, reserved 1048576K
}
Event: 431.494 GC heap after
{Heap after GC invocations=26 (full 3):
 garbage-first heap   total 96256K, used 35181K [0x0000000700000000, 0x0000000800000000)
  region size 2048K, 2 young (4096K), 2 survivors (4096K)
 Metaspace       used 83253K, committed 83904K, reserved 1179648K
  class space    used 10255K, committed 10560K, reserved 1048576K
}
Event: 443.102 GC heap before
{Heap before GC invocations=26 (full 3):
 garbage-first heap   total 96256K, used 63853K [0x0000000700000000, 0x0000000800000000)
  region size 2048K, 17 young (34816K), 2 survivors (4096K)
 Metaspace       used 83586K, committed 84224K, reserved 1179648K
  class space    used 10263K, committed 10560K, reserved 1048576K
}
Event: 443.134 GC heap after
{Heap after GC invocations=27 (full 4):
 garbage-first heap   total 96256K, used 34338K [0x0000000700000000, 0x0000000800000000)
  region size 2048K, 0 young (0K), 0 survivors (0K)
 Metaspace       used 83586K, committed 84224K, reserved 1179648K
  class space    used 10263K, committed 10560K, reserved 1048576K
}
Event: 443.285 GC heap before
{Heap before GC invocations=27 (full 4):
 garbage-first heap   total 96256K, used 83490K [0x0000000700000000, 0x0000000800000000)
  region size 2048K, 24 young (49152K), 0 survivors (0K)
 Metaspace       used 83722K, committed 84416K, reserved 1179648K
  class space    used 10271K, committed 10624K, reserved 1048576K
}
Event: 443.286 GC heap after
{Heap after GC invocations=28 (full 4):
 garbage-first heap   total 96256K, used 37884K [0x0000000700000000, 0x0000000800000000)
  region size 2048K, 2 young (4096K), 2 survivors (4096K)
 Metaspace       used 83722K, committed 84416K, reserved 1179648K
  class space    used 10271K, committed 10624K, reserved 1048576K
}
Event: 488.199 GC heap before
{Heap before GC invocations=28 (full 4):
 garbage-first heap   total 96256K, used 68604K [0x0000000700000000, 0x0000000800000000)
  region size 2048K, 18 young (36864K), 2 survivors (4096K)
 Metaspace       used 84008K, committed 84736K, reserved 1179648K
  class space    used 10286K, committed 10624K, reserved 1048576K
}
Event: 488.229 GC heap after
{Heap after GC invocations=29 (full 5):
 garbage-first heap   total 96256K, used 36726K [0x0000000700000000, 0x0000000800000000)
  region size 2048K, 0 young (0K), 0 survivors (0K)
 Metaspace       used 84008K, committed 84736K, reserved 1179648K
  class space    used 10286K, committed 10624K, reserved 1048576K
}
Event: 488.368 GC heap before
{Heap before GC invocations=29 (full 5):
 garbage-first heap   total 96256K, used 83830K [0x0000000700000000, 0x0000000800000000)
  region size 2048K, 23 young (47104K), 0 survivors (0K)
 Metaspace       used 84093K, committed 84800K, reserved 1179648K
  class space    used 10289K, committed 10624K, reserved 1048576K
}
Event: 488.370 GC heap after
{Heap after GC invocations=30 (full 5):
 garbage-first heap   total 96256K, used 40182K [0x0000000700000000, 0x0000000800000000)
  region size 2048K, 2 young (4096K), 2 survivors (4096K)
 Metaspace       used 84093K, committed 84800K, reserved 1179648K
  class space    used 10289K, committed 10624K, reserved 1048576K
}
Event: 606.914 GC heap before
{Heap before GC invocations=30 (full 5):
 garbage-first heap   total 96256K, used 74998K [0x0000000700000000, 0x0000000800000000)
  region size 2048K, 20 young (40960K), 2 survivors (4096K)
 Metaspace       used 84683K, committed 85440K, reserved 1179648K
  class space    used 10339K, committed 10688K, reserved 1048576K
}
Event: 606.948 GC heap after
{Heap after GC invocations=31 (full 6):
 garbage-first heap   total 96256K, used 39540K [0x0000000700000000, 0x0000000800000000)
  region size 2048K, 0 young (0K), 0 survivors (0K)
 Metaspace       used 84683K, committed 85440K, reserved 1179648K
  class space    used 10339K, committed 10688K, reserved 1048576K
}
Event: 607.095 GC heap before
{Heap before GC invocations=31 (full 6):
 garbage-first heap   total 96256K, used 84596K [0x0000000700000000, 0x0000000800000000)
  region size 2048K, 22 young (45056K), 0 survivors (0K)
 Metaspace       used 84788K, committed 85504K, reserved 1179648K
  class space    used 10344K, committed 10688K, reserved 1048576K
}
Event: 607.096 GC heap after
{Heap after GC invocations=32 (full 6):
 garbage-first heap   total 96256K, used 42948K [0x0000000700000000, 0x0000000800000000)
  region size 2048K, 2 young (4096K), 2 survivors (4096K)
 Metaspace       used 84788K, committed 85504K, reserved 1179648K
  class space    used 10344K, committed 10688K, reserved 1048576K
}

